<?xml version="1.0" encoding="UTF-8"?>
<testng-results ignored="0" total="1" passed="1" failed="0" skipped="0">
  <reporter-output>
  </reporter-output>
  <suite started-at="2026-03-31T19:36:53 IST" name="Surefire suite" finished-at="2026-03-31T19:37:08 IST" duration-ms="15389">
    <groups>
    </groups>
    <test started-at="2026-03-31T19:36:53 IST" name="Surefire test" finished-at="2026-03-31T19:37:08 IST" duration-ms="15389">
      <class name="com.sdet.tests.ConfigTest">
        <test-method is-config="true" signature="setUp()[pri:0, instance:com.sdet.tests.ConfigTest@1c93084c]" started-at="2026-03-31T19:36:53 IST" name="setUp" finished-at="2026-03-31T19:37:08 IST" duration-ms="15134" status="PASS">
          <reporter-output>
          </reporter-output>
        </test-method> <!-- setUp -->
        <test-method signature="testConfig()[pri:0, instance:com.sdet.tests.ConfigTest@1c93084c]" started-at="2026-03-31T19:37:08 IST" name="testConfig" finished-at="2026-03-31T19:37:08 IST" duration-ms="9" status="PASS">
          <reporter-output>
          </reporter-output>
        </test-method> <!-- testConfig -->
        <test-method is-config="true" signature="tearDown()[pri:0, instance:com.sdet.tests.ConfigTest@1c93084c]" started-at="2026-03-31T19:37:08 IST" name="tearDown" finished-at="2026-03-31T19:37:08 IST" duration-ms="213" status="PASS">
          <reporter-output>
          </reporter-output>
        </test-method> <!-- tearDown -->
      </class> <!-- com.sdet.tests.ConfigTest -->
    </test> <!-- Surefire test -->
  </suite> <!-- Surefire suite -->
</testng-results>
