<?xml version="1.0" encoding="UTF-8"?>
<!-- Generated by org.testng.reporters.JUnitReportReporter -->
<testsuite hostname="Batman" failures="0" tests="4" name="com.sdet.tests.LoginTest" time="38.247" errors="0" timestamp="2026-04-19T12:47:11 IST" skipped="0">
  <testcase classname="com.sdet.tests.LoginTest" name="loginLogoutTest" time="10.569"/>
  <testcase classname="com.sdet.tests.LoginTest" name="invalidLoginTest" time="12.020"/>
  <testcase classname="com.sdet.tests.LoginTest" name="invalidLoginTest" time="8.523"/>
  <testcase classname="com.sdet.tests.LoginTest" name="loginLogoutTest" time="7.135"/>
</testsuite> <!-- com.sdet.tests.LoginTest -->
